TN:
SF:index.js
FN:11,(anonymous_0)
FN:12,(anonymous_1)
FN:13,(anonymous_2)
FN:29,(anonymous_3)
FN:38,(anonymous_4)
FN:51,(anonymous_5)
FN:60,(anonymous_6)
FNF:7
FNH:6
FNDA:1,(anonymous_0)
FNDA:1,(anonymous_1)
FNDA:0,(anonymous_2)
FNDA:1,(anonymous_3)
FNDA:1,(anonymous_4)
FNDA:1,(anonymous_5)
FNDA:1,(anonymous_6)
DA:1,1
DA:2,1
DA:3,1
DA:4,1
DA:6,1
DA:7,1
DA:9,1
DA:10,1
DA:11,1
DA:12,1
DA:14,0
DA:17,1
DA:18,1
DA:27,1
DA:29,1
DA:30,1
DA:31,1
DA:32,1
DA:34,0
DA:38,1
DA:39,1
DA:40,1
DA:41,1
DA:42,1
DA:43,0
DA:45,1
DA:47,0
DA:51,1
DA:52,1
DA:53,1
DA:54,1
DA:56,1
DA:60,1
DA:61,1
DA:62,1
DA:63,1
DA:65,0
DA:69,1
LF:38
LH:33
BRDA:42,0,0,0
BRDA:42,0,1,1
BRDA:42,1,0,1
BRDA:42,1,1,1
BRDA:42,1,2,1
BRF:5
BRH:4
end_of_record
